<?xml version="1.0" encoding="UTF-8"?>
<testsuite xmlns:xsi="http://www.w3.org/2001/XMLSchema-instance" xsi:noNamespaceSchemaLocation="https://maven.apache.org/surefire/maven-surefire-plugin/xsd/surefire-test-report.xsd" name="com.crc.eurekaconsumer.EurekaConsumerApplicationTests" time="14.023" tests="1" errors="1" skipped="0" failures="0">
  <properties>
    <property name="sun.desktop" value="windows"/>
    <property name="awt.toolkit" value="sun.awt.windows.WToolkit"/>
    <property name="file.encoding.pkg" value="sun.io"/>
    <property name="java.specification.version" value="1.8"/>
    <property name="sun.cpu.isalist" value="amd64"/>
    <property name="sun.jnu.encoding" value="GBK"/>
    <property name="java.class.path" value="E:\idea\workspace2\springcloud-learn\eureka-consumer\target\test-classes;E:\idea\workspace2\springcloud-learn\eureka-consumer\target\classes;D:\maven\apache-maven-3.3.9\repositorys\org\springframework\cloud\spring-cloud-starter-config\2.1.3.RELEASE\spring-cloud-starter-config-2.1.3.RELEASE.jar;D:\maven\apache-maven-3.3.9\repositorys\org\springframework\cloud\spring-cloud-starter\2.1.2.RELEASE\spring-cloud-starter-2.1.2.RELEASE.jar;D:\maven\apache-maven-3.3.9\repositorys\org\springframework\cloud\spring-cloud-context\2.1.2.RELEASE\spring-cloud-context-2.1.2.RELEASE.jar;D:\maven\apache-maven-3.3.9\repositorys\org\springframework\security\spring-security-rsa\1.0.7.RELEASE\spring-security-rsa-1.0.7.RELEASE.jar;D:\maven\apache-maven-3.3.9\repositorys\org\bouncycastle\bcpkix-jdk15on\1.60\bcpkix-jdk15on-1.60.jar;D:\maven\apache-maven-3.3.9\repositorys\org\bouncycastle\bcprov-jdk15on\1.60\bcprov-jdk15on-1.60.jar;D:\maven\apache-maven-3.3.9\repositorys\org\springframework\cloud\spring-cloud-config-client\2.1.3.RELEASE\spring-cloud-config-client-2.1.3.RELEASE.jar;D:\maven\apache-maven-3.3.9\repositorys\org\springframework\boot\spring-boot-autoconfigure\2.1.7.RELEASE\spring-boot-autoconfigure-2.1.7.RELEASE.jar;D:\maven\apache-maven-3.3.9\repositorys\com\fasterxml\jackson\core\jackson-annotations\2.9.0\jackson-annotations-2.9.0.jar;D:\maven\apache-maven-3.3.9\repositorys\com\fasterxml\jackson\core\jackson-databind\2.9.9\jackson-databind-2.9.9.jar;D:\maven\apache-maven-3.3.9\repositorys\com\fasterxml\jackson\core\jackson-core\2.9.9\jackson-core-2.9.9.jar;D:\maven\apache-maven-3.3.9\repositorys\org\springframework\cloud\spring-cloud-starter-netflix-eureka-client\2.1.2.RELEASE\spring-cloud-starter-netflix-eureka-client-2.1.2.RELEASE.jar;D:\maven\apache-maven-3.3.9\repositorys\org\springframework\cloud\spring-cloud-netflix-hystrix\2.1.2.RELEASE\spring-cloud-netflix-hystrix-2.1.2.RELEASE.jar;D:\maven\apache-maven-3.3.9\repositorys\org\springframework\boot\spring-boot-starter-aop\2.1.7.RELEASE\spring-boot-starter-aop-2.1.7.RELEASE.jar;D:\maven\apache-maven-3.3.9\repositorys\org\springframework\spring-aop\5.1.9.RELEASE\spring-aop-5.1.9.RELEASE.jar;D:\maven\apache-maven-3.3.9\repositorys\org\aspectj\aspectjweaver\1.9.4\aspectjweaver-1.9.4.jar;D:\maven\apache-maven-3.3.9\repositorys\org\springframework\cloud\spring-cloud-netflix-eureka-client\2.1.2.RELEASE\spring-cloud-netflix-eureka-client-2.1.2.RELEASE.jar;D:\maven\apache-maven-3.3.9\repositorys\com\netflix\eureka\eureka-client\1.9.12\eureka-client-1.9.12.jar;D:\maven\apache-maven-3.3.9\repositorys\org\codehaus\jettison\jettison\1.3.7\jettison-1.3.7.jar;D:\maven\apache-maven-3.3.9\repositorys\stax\stax-api\1.0.1\stax-api-1.0.1.jar;D:\maven\apache-maven-3.3.9\repositorys\com\netflix\netflix-commons\netflix-eventbus\0.3.0\netflix-eventbus-0.3.0.jar;D:\maven\apache-maven-3.3.9\repositorys\com\netflix\netflix-commons\netflix-infix\0.3.0\netflix-infix-0.3.0.jar;D:\maven\apache-maven-3.3.9\repositorys\commons-jxpath\commons-jxpath\1.3\commons-jxpath-1.3.jar;D:\maven\apache-maven-3.3.9\repositorys\joda-time\joda-time\2.10.3\joda-time-2.10.3.jar;D:\maven\apache-maven-3.3.9\repositorys\org\antlr\antlr-runtime\3.4\antlr-runtime-3.4.jar;D:\maven\apache-maven-3.3.9\repositorys\org\antlr\stringtemplate\3.2.1\stringtemplate-3.2.1.jar;D:\maven\apache-maven-3.3.9\repositorys\antlr\antlr\2.7.7\antlr-2.7.7.jar;D:\maven\apache-maven-3.3.9\repositorys\com\google\code\gson\gson\2.8.5\gson-2.8.5.jar;D:\maven\apache-maven-3.3.9\repositorys\org\apache\commons\commons-math\2.2\commons-math-2.2.jar;D:\maven\apache-maven-3.3.9\repositorys\com\netflix\archaius\archaius-core\0.7.6\archaius-core-0.7.6.jar;D:\maven\apache-maven-3.3.9\repositorys\com\google\guava\guava\16.0\guava-16.0.jar;D:\maven\apache-maven-3.3.9\repositorys\javax\ws\rs\jsr311-api\1.1.1\jsr311-api-1.1.1.jar;D:\maven\apache-maven-3.3.9\repositorys\com\netflix\servo\servo-core\0.12.21\servo-core-0.12.21.jar;D:\maven\apache-maven-3.3.9\repositorys\com\sun\jersey\jersey-core\1.19.1\jersey-core-1.19.1.jar;D:\maven\apache-maven-3.3.9\repositorys\com\sun\jersey\jersey-client\1.19.1\jersey-client-1.19.1.jar;D:\maven\apache-maven-3.3.9\repositorys\com\sun\jersey\contribs\jersey-apache-client4\1.19.1\jersey-apache-client4-1.19.1.jar;D:\maven\apache-maven-3.3.9\repositorys\org\apache\httpcomponents\httpclient\4.5.9\httpclient-4.5.9.jar;D:\maven\apache-maven-3.3.9\repositorys\org\apache\httpcomponents\httpcore\4.4.11\httpcore-4.4.11.jar;D:\maven\apache-maven-3.3.9\repositorys\commons-codec\commons-codec\1.11\commons-codec-1.11.jar;D:\maven\apache-maven-3.3.9\repositorys\com\google\inject\guice\4.1.0\guice-4.1.0.jar;D:\maven\apache-maven-3.3.9\repositorys\javax\inject\javax.inject\1\javax.inject-1.jar;D:\maven\apache-maven-3.3.9\repositorys\aopalliance\aopalliance\1.0\aopalliance-1.0.jar;D:\maven\apache-maven-3.3.9\repositorys\com\github\vlsi\compactmap\compactmap\1.2.1\compactmap-1.2.1.jar;D:\maven\apache-maven-3.3.9\repositorys\com\github\andrewoma\dexx\dexx-collections\0.2\dexx-collections-0.2.jar;D:\maven\apache-maven-3.3.9\repositorys\com\netflix\eureka\eureka-core\1.9.12\eureka-core-1.9.12.jar;D:\maven\apache-maven-3.3.9\repositorys\com\fasterxml\woodstox\woodstox-core\5.0.3\woodstox-core-5.0.3.jar;D:\maven\apache-maven-3.3.9\repositorys\org\codehaus\woodstox\stax2-api\3.1.4\stax2-api-3.1.4.jar;D:\maven\apache-maven-3.3.9\repositorys\org\springframework\cloud\spring-cloud-starter-netflix-archaius\2.1.2.RELEASE\spring-cloud-starter-netflix-archaius-2.1.2.RELEASE.jar;D:\maven\apache-maven-3.3.9\repositorys\org\springframework\cloud\spring-cloud-netflix-ribbon\2.1.2.RELEASE\spring-cloud-netflix-ribbon-2.1.2.RELEASE.jar;D:\maven\apache-maven-3.3.9\repositorys\org\springframework\cloud\spring-cloud-netflix-archaius\2.1.2.RELEASE\spring-cloud-netflix-archaius-2.1.2.RELEASE.jar;D:\maven\apache-maven-3.3.9\repositorys\commons-configuration\commons-configuration\1.8\commons-configuration-1.8.jar;D:\maven\apache-maven-3.3.9\repositorys\commons-lang\commons-lang\2.6\commons-lang-2.6.jar;D:\maven\apache-maven-3.3.9\repositorys\org\springframework\cloud\spring-cloud-starter-netflix-ribbon\2.1.2.RELEASE\spring-cloud-starter-netflix-ribbon-2.1.2.RELEASE.jar;D:\maven\apache-maven-3.3.9\repositorys\com\netflix\ribbon\ribbon\2.3.0\ribbon-2.3.0.jar;D:\maven\apache-maven-3.3.9\repositorys\com\netflix\ribbon\ribbon-transport\2.3.0\ribbon-transport-2.3.0.jar;D:\maven\apache-maven-3.3.9\repositorys\io\reactivex\rxnetty-contexts\0.4.9\rxnetty-contexts-0.4.9.jar;D:\maven\apache-maven-3.3.9\repositorys\io\reactivex\rxnetty-servo\0.4.9\rxnetty-servo-0.4.9.jar;D:\maven\apache-maven-3.3.9\repositorys\io\reactivex\rxnetty\0.4.9\rxnetty-0.4.9.jar;D:\maven\apache-maven-3.3.9\repositorys\com\netflix\ribbon\ribbon-core\2.3.0\ribbon-core-2.3.0.jar;D:\maven\apache-maven-3.3.9\repositorys\com\netflix\ribbon\ribbon-httpclient\2.3.0\ribbon-httpclient-2.3.0.jar;D:\maven\apache-maven-3.3.9\repositorys\commons-collections\commons-collections\3.2.2\commons-collections-3.2.2.jar;D:\maven\apache-maven-3.3.9\repositorys\com\netflix\netflix-commons\netflix-commons-util\0.3.0\netflix-commons-util-0.3.0.jar;D:\maven\apache-maven-3.3.9\repositorys\com\netflix\ribbon\ribbon-loadbalancer\2.3.0\ribbon-loadbalancer-2.3.0.jar;D:\maven\apache-maven-3.3.9\repositorys\com\netflix\netflix-commons\netflix-statistics\0.1.1\netflix-statistics-0.1.1.jar;D:\maven\apache-maven-3.3.9\repositorys\io\reactivex\rxjava\1.3.8\rxjava-1.3.8.jar;D:\maven\apache-maven-3.3.9\repositorys\com\netflix\ribbon\ribbon-eureka\2.3.0\ribbon-eureka-2.3.0.jar;D:\maven\apache-maven-3.3.9\repositorys\org\slf4j\slf4j-api\1.7.26\slf4j-api-1.7.26.jar;D:\maven\apache-maven-3.3.9\repositorys\com\thoughtworks\xstream\xstream\1.4.10\xstream-1.4.10.jar;D:\maven\apache-maven-3.3.9\repositorys\xmlpull\xmlpull\1.1.3.1\xmlpull-1.1.3.1.jar;D:\maven\apache-maven-3.3.9\repositorys\xpp3\xpp3_min\1.1.4c\xpp3_min-1.1.4c.jar;D:\maven\apache-maven-3.3.9\repositorys\org\springframework\cloud\spring-cloud-starter-openfeign\2.1.2.RELEASE\spring-cloud-starter-openfeign-2.1.2.RELEASE.jar;D:\maven\apache-maven-3.3.9\repositorys\org\springframework\cloud\spring-cloud-openfeign-core\2.1.2.RELEASE\spring-cloud-openfeign-core-2.1.2.RELEASE.jar;D:\maven\apache-maven-3.3.9\repositorys\io\github\openfeign\form\feign-form-spring\3.8.0\feign-form-spring-3.8.0.jar;D:\maven\apache-maven-3.3.9\repositorys\io\github\openfeign\form\feign-form\3.8.0\feign-form-3.8.0.jar;D:\maven\apache-maven-3.3.9\repositorys\commons-fileupload\commons-fileupload\1.4\commons-fileupload-1.4.jar;D:\maven\apache-maven-3.3.9\repositorys\commons-io\commons-io\2.2\commons-io-2.2.jar;D:\maven\apache-maven-3.3.9\repositorys\org\springframework\spring-web\5.1.9.RELEASE\spring-web-5.1.9.RELEASE.jar;D:\maven\apache-maven-3.3.9\repositorys\org\springframework\spring-beans\5.1.9.RELEASE\spring-beans-5.1.9.RELEASE.jar;D:\maven\apache-maven-3.3.9\repositorys\org\springframework\cloud\spring-cloud-commons\2.1.2.RELEASE\spring-cloud-commons-2.1.2.RELEASE.jar;D:\maven\apache-maven-3.3.9\repositorys\org\springframework\security\spring-security-crypto\5.1.6.RELEASE\spring-security-crypto-5.1.6.RELEASE.jar;D:\maven\apache-maven-3.3.9\repositorys\io\github\openfeign\feign-core\10.2.3\feign-core-10.2.3.jar;D:\maven\apache-maven-3.3.9\repositorys\io\github\openfeign\feign-slf4j\10.2.3\feign-slf4j-10.2.3.jar;D:\maven\apache-maven-3.3.9\repositorys\io\github\openfeign\feign-hystrix\10.2.3\feign-hystrix-10.2.3.jar;D:\maven\apache-maven-3.3.9\repositorys\com\netflix\hystrix\hystrix-core\1.5.18\hystrix-core-1.5.18.jar;D:\maven\apache-maven-3.3.9\repositorys\org\hdrhistogram\HdrHistogram\2.1.9\HdrHistogram-2.1.9.jar;D:\maven\apache-maven-3.3.9\repositorys\org\springframework\boot\spring-boot-starter-test\2.1.7.RELEASE\spring-boot-starter-test-2.1.7.RELEASE.jar;D:\maven\apache-maven-3.3.9\repositorys\org\springframework\boot\spring-boot-starter\2.1.7.RELEASE\spring-boot-starter-2.1.7.RELEASE.jar;D:\maven\apache-maven-3.3.9\repositorys\org\springframework\boot\spring-boot\2.1.7.RELEASE\spring-boot-2.1.7.RELEASE.jar;D:\maven\apache-maven-3.3.9\repositorys\org\springframework\spring-context\5.1.9.RELEASE\spring-context-5.1.9.RELEASE.jar;D:\maven\apache-maven-3.3.9\repositorys\org\springframework\spring-expression\5.1.9.RELEASE\spring-expression-5.1.9.RELEASE.jar;D:\maven\apache-maven-3.3.9\repositorys\org\springframework\boot\spring-boot-starter-logging\2.1.7.RELEASE\spring-boot-starter-logging-2.1.7.RELEASE.jar;D:\maven\apache-maven-3.3.9\repositorys\ch\qos\logback\logback-classic\1.2.3\logback-classic-1.2.3.jar;D:\maven\apache-maven-3.3.9\repositorys\ch\qos\logback\logback-core\1.2.3\logback-core-1.2.3.jar;D:\maven\apache-maven-3.3.9\repositorys\org\apache\logging\log4j\log4j-to-slf4j\2.11.2\log4j-to-slf4j-2.11.2.jar;D:\maven\apache-maven-3.3.9\repositorys\org\apache\logging\log4j\log4j-api\2.11.2\log4j-api-2.11.2.jar;D:\maven\apache-maven-3.3.9\repositorys\org\slf4j\jul-to-slf4j\1.7.26\jul-to-slf4j-1.7.26.jar;D:\maven\apache-maven-3.3.9\repositorys\javax\annotation\javax.annotation-api\1.3.2\javax.annotation-api-1.3.2.jar;D:\maven\apache-maven-3.3.9\repositorys\org\yaml\snakeyaml\1.23\snakeyaml-1.23.jar;D:\maven\apache-maven-3.3.9\repositorys\org\springframework\boot\spring-boot-test\2.1.7.RELEASE\spring-boot-test-2.1.7.RELEASE.jar;D:\maven\apache-maven-3.3.9\repositorys\org\springframework\boot\spring-boot-test-autoconfigure\2.1.7.RELEASE\spring-boot-test-autoconfigure-2.1.7.RELEASE.jar;D:\maven\apache-maven-3.3.9\repositorys\com\jayway\jsonpath\json-path\2.4.0\json-path-2.4.0.jar;D:\maven\apache-maven-3.3.9\repositorys\net\minidev\json-smart\2.3\json-smart-2.3.jar;D:\maven\apache-maven-3.3.9\repositorys\net\minidev\accessors-smart\1.2\accessors-smart-1.2.jar;D:\maven\apache-maven-3.3.9\repositorys\org\ow2\asm\asm\5.0.4\asm-5.0.4.jar;D:\maven\apache-maven-3.3.9\repositorys\junit\junit\4.12\junit-4.12.jar;D:\maven\apache-maven-3.3.9\repositorys\org\assertj\assertj-core\3.11.1\assertj-core-3.11.1.jar;D:\maven\apache-maven-3.3.9\repositorys\org\mockito\mockito-core\2.23.4\mockito-core-2.23.4.jar;D:\maven\apache-maven-3.3.9\repositorys\net\bytebuddy\byte-buddy\1.9.16\byte-buddy-1.9.16.jar;D:\maven\apache-maven-3.3.9\repositorys\net\bytebuddy\byte-buddy-agent\1.9.16\byte-buddy-agent-1.9.16.jar;D:\maven\apache-maven-3.3.9\repositorys\org\objenesis\objenesis\2.6\objenesis-2.6.jar;D:\maven\apache-maven-3.3.9\repositorys\org\hamcrest\hamcrest-core\1.3\hamcrest-core-1.3.jar;D:\maven\apache-maven-3.3.9\repositorys\org\hamcrest\hamcrest-library\1.3\hamcrest-library-1.3.jar;D:\maven\apache-maven-3.3.9\repositorys\org\skyscreamer\jsonassert\1.5.0\jsonassert-1.5.0.jar;D:\maven\apache-maven-3.3.9\repositorys\com\vaadin\external\google\android-json\0.0.20131108.vaadin1\android-json-0.0.20131108.vaadin1.jar;D:\maven\apache-maven-3.3.9\repositorys\org\springframework\spring-core\5.1.9.RELEASE\spring-core-5.1.9.RELEASE.jar;D:\maven\apache-maven-3.3.9\repositorys\org\springframework\spring-jcl\5.1.9.RELEASE\spring-jcl-5.1.9.RELEASE.jar;D:\maven\apache-maven-3.3.9\repositorys\org\springframework\spring-test\5.1.9.RELEASE\spring-test-5.1.9.RELEASE.jar;D:\maven\apache-maven-3.3.9\repositorys\org\xmlunit\xmlunit-core\2.6.3\xmlunit-core-2.6.3.jar;"/>
    <property name="java.vm.vendor" value="Oracle Corporation"/>
    <property name="sun.arch.data.model" value="64"/>
    <property name="user.variant" value=""/>
    <property name="java.vendor.url" value="http://java.oracle.com/"/>
    <property name="user.timezone" value="Asia/Shanghai"/>
    <property name="java.vm.specification.version" value="1.8"/>
    <property name="os.name" value="Windows 7"/>
    <property name="user.country" value="CN"/>
    <property name="sun.java.launcher" value="SUN_STANDARD"/>
    <property name="sun.boot.library.path" value="D:\Java\jdk1.8\jre\bin"/>
    <property name="sun.java.command" value="C:\Users\crc\AppData\Local\Temp\surefire583476035096973976\surefirebooter8817407390166735857.jar C:\Users\crc\AppData\Local\Temp\surefire583476035096973976 2019-09-05T23-46-39_605-jvmRun1 surefire289702433066360229tmp surefire_08873744628453625283tmp"/>
    <property name="surefire.test.class.path" value="E:\idea\workspace2\springcloud-learn\eureka-consumer\target\test-classes;E:\idea\workspace2\springcloud-learn\eureka-consumer\target\classes;D:\maven\apache-maven-3.3.9\repositorys\org\springframework\cloud\spring-cloud-starter-config\2.1.3.RELEASE\spring-cloud-starter-config-2.1.3.RELEASE.jar;D:\maven\apache-maven-3.3.9\repositorys\org\springframework\cloud\spring-cloud-starter\2.1.2.RELEASE\spring-cloud-starter-2.1.2.RELEASE.jar;D:\maven\apache-maven-3.3.9\repositorys\org\springframework\cloud\spring-cloud-context\2.1.2.RELEASE\spring-cloud-context-2.1.2.RELEASE.jar;D:\maven\apache-maven-3.3.9\repositorys\org\springframework\security\spring-security-rsa\1.0.7.RELEASE\spring-security-rsa-1.0.7.RELEASE.jar;D:\maven\apache-maven-3.3.9\repositorys\org\bouncycastle\bcpkix-jdk15on\1.60\bcpkix-jdk15on-1.60.jar;D:\maven\apache-maven-3.3.9\repositorys\org\bouncycastle\bcprov-jdk15on\1.60\bcprov-jdk15on-1.60.jar;D:\maven\apache-maven-3.3.9\repositorys\org\springframework\cloud\spring-cloud-config-client\2.1.3.RELEASE\spring-cloud-config-client-2.1.3.RELEASE.jar;D:\maven\apache-maven-3.3.9\repositorys\org\springframework\boot\spring-boot-autoconfigure\2.1.7.RELEASE\spring-boot-autoconfigure-2.1.7.RELEASE.jar;D:\maven\apache-maven-3.3.9\repositorys\com\fasterxml\jackson\core\jackson-annotations\2.9.0\jackson-annotations-2.9.0.jar;D:\maven\apache-maven-3.3.9\repositorys\com\fasterxml\jackson\core\jackson-databind\2.9.9\jackson-databind-2.9.9.jar;D:\maven\apache-maven-3.3.9\repositorys\com\fasterxml\jackson\core\jackson-core\2.9.9\jackson-core-2.9.9.jar;D:\maven\apache-maven-3.3.9\repositorys\org\springframework\cloud\spring-cloud-starter-netflix-eureka-client\2.1.2.RELEASE\spring-cloud-starter-netflix-eureka-client-2.1.2.RELEASE.jar;D:\maven\apache-maven-3.3.9\repositorys\org\springframework\cloud\spring-cloud-netflix-hystrix\2.1.2.RELEASE\spring-cloud-netflix-hystrix-2.1.2.RELEASE.jar;D:\maven\apache-maven-3.3.9\repositorys\org\springframework\boot\spring-boot-starter-aop\2.1.7.RELEASE\spring-boot-starter-aop-2.1.7.RELEASE.jar;D:\maven\apache-maven-3.3.9\repositorys\org\springframework\spring-aop\5.1.9.RELEASE\spring-aop-5.1.9.RELEASE.jar;D:\maven\apache-maven-3.3.9\repositorys\org\aspectj\aspectjweaver\1.9.4\aspectjweaver-1.9.4.jar;D:\maven\apache-maven-3.3.9\repositorys\org\springframework\cloud\spring-cloud-netflix-eureka-client\2.1.2.RELEASE\spring-cloud-netflix-eureka-client-2.1.2.RELEASE.jar;D:\maven\apache-maven-3.3.9\repositorys\com\netflix\eureka\eureka-client\1.9.12\eureka-client-1.9.12.jar;D:\maven\apache-maven-3.3.9\repositorys\org\codehaus\jettison\jettison\1.3.7\jettison-1.3.7.jar;D:\maven\apache-maven-3.3.9\repositorys\stax\stax-api\1.0.1\stax-api-1.0.1.jar;D:\maven\apache-maven-3.3.9\repositorys\com\netflix\netflix-commons\netflix-eventbus\0.3.0\netflix-eventbus-0.3.0.jar;D:\maven\apache-maven-3.3.9\repositorys\com\netflix\netflix-commons\netflix-infix\0.3.0\netflix-infix-0.3.0.jar;D:\maven\apache-maven-3.3.9\repositorys\commons-jxpath\commons-jxpath\1.3\commons-jxpath-1.3.jar;D:\maven\apache-maven-3.3.9\repositorys\joda-time\joda-time\2.10.3\joda-time-2.10.3.jar;D:\maven\apache-maven-3.3.9\repositorys\org\antlr\antlr-runtime\3.4\antlr-runtime-3.4.jar;D:\maven\apache-maven-3.3.9\repositorys\org\antlr\stringtemplate\3.2.1\stringtemplate-3.2.1.jar;D:\maven\apache-maven-3.3.9\repositorys\antlr\antlr\2.7.7\antlr-2.7.7.jar;D:\maven\apache-maven-3.3.9\repositorys\com\google\code\gson\gson\2.8.5\gson-2.8.5.jar;D:\maven\apache-maven-3.3.9\repositorys\org\apache\commons\commons-math\2.2\commons-math-2.2.jar;D:\maven\apache-maven-3.3.9\repositorys\com\netflix\archaius\archaius-core\0.7.6\archaius-core-0.7.6.jar;D:\maven\apache-maven-3.3.9\repositorys\com\google\guava\guava\16.0\guava-16.0.jar;D:\maven\apache-maven-3.3.9\repositorys\javax\ws\rs\jsr311-api\1.1.1\jsr311-api-1.1.1.jar;D:\maven\apache-maven-3.3.9\repositorys\com\netflix\servo\servo-core\0.12.21\servo-core-0.12.21.jar;D:\maven\apache-maven-3.3.9\repositorys\com\sun\jersey\jersey-core\1.19.1\jersey-core-1.19.1.jar;D:\maven\apache-maven-3.3.9\repositorys\com\sun\jersey\jersey-client\1.19.1\jersey-client-1.19.1.jar;D:\maven\apache-maven-3.3.9\repositorys\com\sun\jersey\contribs\jersey-apache-client4\1.19.1\jersey-apache-client4-1.19.1.jar;D:\maven\apache-maven-3.3.9\repositorys\org\apache\httpcomponents\httpclient\4.5.9\httpclient-4.5.9.jar;D:\maven\apache-maven-3.3.9\repositorys\org\apache\httpcomponents\httpcore\4.4.11\httpcore-4.4.11.jar;D:\maven\apache-maven-3.3.9\repositorys\commons-codec\commons-codec\1.11\commons-codec-1.11.jar;D:\maven\apache-maven-3.3.9\repositorys\com\google\inject\guice\4.1.0\guice-4.1.0.jar;D:\maven\apache-maven-3.3.9\repositorys\javax\inject\javax.inject\1\javax.inject-1.jar;D:\maven\apache-maven-3.3.9\repositorys\aopalliance\aopalliance\1.0\aopalliance-1.0.jar;D:\maven\apache-maven-3.3.9\repositorys\com\github\vlsi\compactmap\compactmap\1.2.1\compactmap-1.2.1.jar;D:\maven\apache-maven-3.3.9\repositorys\com\github\andrewoma\dexx\dexx-collections\0.2\dexx-collections-0.2.jar;D:\maven\apache-maven-3.3.9\repositorys\com\netflix\eureka\eureka-core\1.9.12\eureka-core-1.9.12.jar;D:\maven\apache-maven-3.3.9\repositorys\com\fasterxml\woodstox\woodstox-core\5.0.3\woodstox-core-5.0.3.jar;D:\maven\apache-maven-3.3.9\repositorys\org\codehaus\woodstox\stax2-api\3.1.4\stax2-api-3.1.4.jar;D:\maven\apache-maven-3.3.9\repositorys\org\springframework\cloud\spring-cloud-starter-netflix-archaius\2.1.2.RELEASE\spring-cloud-starter-netflix-archaius-2.1.2.RELEASE.jar;D:\maven\apache-maven-3.3.9\repositorys\org\springframework\cloud\spring-cloud-netflix-ribbon\2.1.2.RELEASE\spring-cloud-netflix-ribbon-2.1.2.RELEASE.jar;D:\maven\apache-maven-3.3.9\repositorys\org\springframework\cloud\spring-cloud-netflix-archaius\2.1.2.RELEASE\spring-cloud-netflix-archaius-2.1.2.RELEASE.jar;D:\maven\apache-maven-3.3.9\repositorys\commons-configuration\commons-configuration\1.8\commons-configuration-1.8.jar;D:\maven\apache-maven-3.3.9\repositorys\commons-lang\commons-lang\2.6\commons-lang-2.6.jar;D:\maven\apache-maven-3.3.9\repositorys\org\springframework\cloud\spring-cloud-starter-netflix-ribbon\2.1.2.RELEASE\spring-cloud-starter-netflix-ribbon-2.1.2.RELEASE.jar;D:\maven\apache-maven-3.3.9\repositorys\com\netflix\ribbon\ribbon\2.3.0\ribbon-2.3.0.jar;D:\maven\apache-maven-3.3.9\repositorys\com\netflix\ribbon\ribbon-transport\2.3.0\ribbon-transport-2.3.0.jar;D:\maven\apache-maven-3.3.9\repositorys\io\reactivex\rxnetty-contexts\0.4.9\rxnetty-contexts-0.4.9.jar;D:\maven\apache-maven-3.3.9\repositorys\io\reactivex\rxnetty-servo\0.4.9\rxnetty-servo-0.4.9.jar;D:\maven\apache-maven-3.3.9\repositorys\io\reactivex\rxnetty\0.4.9\rxnetty-0.4.9.jar;D:\maven\apache-maven-3.3.9\repositorys\com\netflix\ribbon\ribbon-core\2.3.0\ribbon-core-2.3.0.jar;D:\maven\apache-maven-3.3.9\repositorys\com\netflix\ribbon\ribbon-httpclient\2.3.0\ribbon-httpclient-2.3.0.jar;D:\maven\apache-maven-3.3.9\repositorys\commons-collections\commons-collections\3.2.2\commons-collections-3.2.2.jar;D:\maven\apache-maven-3.3.9\repositorys\com\netflix\netflix-commons\netflix-commons-util\0.3.0\netflix-commons-util-0.3.0.jar;D:\maven\apache-maven-3.3.9\repositorys\com\netflix\ribbon\ribbon-loadbalancer\2.3.0\ribbon-loadbalancer-2.3.0.jar;D:\maven\apache-maven-3.3.9\repositorys\com\netflix\netflix-commons\netflix-statistics\0.1.1\netflix-statistics-0.1.1.jar;D:\maven\apache-maven-3.3.9\repositorys\io\reactivex\rxjava\1.3.8\rxjava-1.3.8.jar;D:\maven\apache-maven-3.3.9\repositorys\com\netflix\ribbon\ribbon-eureka\2.3.0\ribbon-eureka-2.3.0.jar;D:\maven\apache-maven-3.3.9\repositorys\org\slf4j\slf4j-api\1.7.26\slf4j-api-1.7.26.jar;D:\maven\apache-maven-3.3.9\repositorys\com\thoughtworks\xstream\xstream\1.4.10\xstream-1.4.10.jar;D:\maven\apache-maven-3.3.9\repositorys\xmlpull\xmlpull\1.1.3.1\xmlpull-1.1.3.1.jar;D:\maven\apache-maven-3.3.9\repositorys\xpp3\xpp3_min\1.1.4c\xpp3_min-1.1.4c.jar;D:\maven\apache-maven-3.3.9\repositorys\org\springframework\cloud\spring-cloud-starter-openfeign\2.1.2.RELEASE\spring-cloud-starter-openfeign-2.1.2.RELEASE.jar;D:\maven\apache-maven-3.3.9\repositorys\org\springframework\cloud\spring-cloud-openfeign-core\2.1.2.RELEASE\spring-cloud-openfeign-core-2.1.2.RELEASE.jar;D:\maven\apache-maven-3.3.9\repositorys\io\github\openfeign\form\feign-form-spring\3.8.0\feign-form-spring-3.8.0.jar;D:\maven\apache-maven-3.3.9\repositorys\io\github\openfeign\form\feign-form\3.8.0\feign-form-3.8.0.jar;D:\maven\apache-maven-3.3.9\repositorys\commons-fileupload\commons-fileupload\1.4\commons-fileupload-1.4.jar;D:\maven\apache-maven-3.3.9\repositorys\commons-io\commons-io\2.2\commons-io-2.2.jar;D:\maven\apache-maven-3.3.9\repositorys\org\springframework\spring-web\5.1.9.RELEASE\spring-web-5.1.9.RELEASE.jar;D:\maven\apache-maven-3.3.9\repositorys\org\springframework\spring-beans\5.1.9.RELEASE\spring-beans-5.1.9.RELEASE.jar;D:\maven\apache-maven-3.3.9\repositorys\org\springframework\cloud\spring-cloud-commons\2.1.2.RELEASE\spring-cloud-commons-2.1.2.RELEASE.jar;D:\maven\apache-maven-3.3.9\repositorys\org\springframework\security\spring-security-crypto\5.1.6.RELEASE\spring-security-crypto-5.1.6.RELEASE.jar;D:\maven\apache-maven-3.3.9\repositorys\io\github\openfeign\feign-core\10.2.3\feign-core-10.2.3.jar;D:\maven\apache-maven-3.3.9\repositorys\io\github\openfeign\feign-slf4j\10.2.3\feign-slf4j-10.2.3.jar;D:\maven\apache-maven-3.3.9\repositorys\io\github\openfeign\feign-hystrix\10.2.3\feign-hystrix-10.2.3.jar;D:\maven\apache-maven-3.3.9\repositorys\com\netflix\hystrix\hystrix-core\1.5.18\hystrix-core-1.5.18.jar;D:\maven\apache-maven-3.3.9\repositorys\org\hdrhistogram\HdrHistogram\2.1.9\HdrHistogram-2.1.9.jar;D:\maven\apache-maven-3.3.9\repositorys\org\springframework\boot\spring-boot-starter-test\2.1.7.RELEASE\spring-boot-starter-test-2.1.7.RELEASE.jar;D:\maven\apache-maven-3.3.9\repositorys\org\springframework\boot\spring-boot-starter\2.1.7.RELEASE\spring-boot-starter-2.1.7.RELEASE.jar;D:\maven\apache-maven-3.3.9\repositorys\org\springframework\boot\spring-boot\2.1.7.RELEASE\spring-boot-2.1.7.RELEASE.jar;D:\maven\apache-maven-3.3.9\repositorys\org\springframework\spring-context\5.1.9.RELEASE\spring-context-5.1.9.RELEASE.jar;D:\maven\apache-maven-3.3.9\repositorys\org\springframework\spring-expression\5.1.9.RELEASE\spring-expression-5.1.9.RELEASE.jar;D:\maven\apache-maven-3.3.9\repositorys\org\springframework\boot\spring-boot-starter-logging\2.1.7.RELEASE\spring-boot-starter-logging-2.1.7.RELEASE.jar;D:\maven\apache-maven-3.3.9\repositorys\ch\qos\logback\logback-classic\1.2.3\logback-classic-1.2.3.jar;D:\maven\apache-maven-3.3.9\repositorys\ch\qos\logback\logback-core\1.2.3\logback-core-1.2.3.jar;D:\maven\apache-maven-3.3.9\repositorys\org\apache\logging\log4j\log4j-to-slf4j\2.11.2\log4j-to-slf4j-2.11.2.jar;D:\maven\apache-maven-3.3.9\repositorys\org\apache\logging\log4j\log4j-api\2.11.2\log4j-api-2.11.2.jar;D:\maven\apache-maven-3.3.9\repositorys\org\slf4j\jul-to-slf4j\1.7.26\jul-to-slf4j-1.7.26.jar;D:\maven\apache-maven-3.3.9\repositorys\javax\annotation\javax.annotation-api\1.3.2\javax.annotation-api-1.3.2.jar;D:\maven\apache-maven-3.3.9\repositorys\org\yaml\snakeyaml\1.23\snakeyaml-1.23.jar;D:\maven\apache-maven-3.3.9\repositorys\org\springframework\boot\spring-boot-test\2.1.7.RELEASE\spring-boot-test-2.1.7.RELEASE.jar;D:\maven\apache-maven-3.3.9\repositorys\org\springframework\boot\spring-boot-test-autoconfigure\2.1.7.RELEASE\spring-boot-test-autoconfigure-2.1.7.RELEASE.jar;D:\maven\apache-maven-3.3.9\repositorys\com\jayway\jsonpath\json-path\2.4.0\json-path-2.4.0.jar;D:\maven\apache-maven-3.3.9\repositorys\net\minidev\json-smart\2.3\json-smart-2.3.jar;D:\maven\apache-maven-3.3.9\repositorys\net\minidev\accessors-smart\1.2\accessors-smart-1.2.jar;D:\maven\apache-maven-3.3.9\repositorys\org\ow2\asm\asm\5.0.4\asm-5.0.4.jar;D:\maven\apache-maven-3.3.9\repositorys\junit\junit\4.12\junit-4.12.jar;D:\maven\apache-maven-3.3.9\repositorys\org\assertj\assertj-core\3.11.1\assertj-core-3.11.1.jar;D:\maven\apache-maven-3.3.9\repositorys\org\mockito\mockito-core\2.23.4\mockito-core-2.23.4.jar;D:\maven\apache-maven-3.3.9\repositorys\net\bytebuddy\byte-buddy\1.9.16\byte-buddy-1.9.16.jar;D:\maven\apache-maven-3.3.9\repositorys\net\bytebuddy\byte-buddy-agent\1.9.16\byte-buddy-agent-1.9.16.jar;D:\maven\apache-maven-3.3.9\repositorys\org\objenesis\objenesis\2.6\objenesis-2.6.jar;D:\maven\apache-maven-3.3.9\repositorys\org\hamcrest\hamcrest-core\1.3\hamcrest-core-1.3.jar;D:\maven\apache-maven-3.3.9\repositorys\org\hamcrest\hamcrest-library\1.3\hamcrest-library-1.3.jar;D:\maven\apache-maven-3.3.9\repositorys\org\skyscreamer\jsonassert\1.5.0\jsonassert-1.5.0.jar;D:\maven\apache-maven-3.3.9\repositorys\com\vaadin\external\google\android-json\0.0.20131108.vaadin1\android-json-0.0.20131108.vaadin1.jar;D:\maven\apache-maven-3.3.9\repositorys\org\springframework\spring-core\5.1.9.RELEASE\spring-core-5.1.9.RELEASE.jar;D:\maven\apache-maven-3.3.9\repositorys\org\springframework\spring-jcl\5.1.9.RELEASE\spring-jcl-5.1.9.RELEASE.jar;D:\maven\apache-maven-3.3.9\repositorys\org\springframework\spring-test\5.1.9.RELEASE\spring-test-5.1.9.RELEASE.jar;D:\maven\apache-maven-3.3.9\repositorys\org\xmlunit\xmlunit-core\2.6.3\xmlunit-core-2.6.3.jar;"/>
    <property name="sun.cpu.endian" value="little"/>
    <property name="user.home" value="C:\Users\crc"/>
    <property name="user.language" value="zh"/>
    <property name="java.specification.vendor" value="Oracle Corporation"/>
    <property name="java.home" value="D:\Java\jdk1.8\jre"/>
    <property name="basedir" value="E:\idea\workspace2\springcloud-learn\eureka-consumer"/>
    <property name="file.separator" value="\"/>
    <property name="line.separator" value="&#10;"/>
    <property name="java.vm.specification.vendor" value="Oracle Corporation"/>
    <property name="java.specification.name" value="Java Platform API Specification"/>
    <property name="java.awt.graphicsenv" value="sun.awt.Win32GraphicsEnvironment"/>
    <property name="surefire.real.class.path" value="C:\Users\crc\AppData\Local\Temp\surefire583476035096973976\surefirebooter8817407390166735857.jar"/>
    <property name="sun.boot.class.path" value="D:\Java\jdk1.8\jre\lib\resources.jar;D:\Java\jdk1.8\jre\lib\rt.jar;D:\Java\jdk1.8\jre\lib\sunrsasign.jar;D:\Java\jdk1.8\jre\lib\jsse.jar;D:\Java\jdk1.8\jre\lib\jce.jar;D:\Java\jdk1.8\jre\lib\charsets.jar;D:\Java\jdk1.8\jre\lib\jfr.jar;D:\Java\jdk1.8\jre\classes"/>
    <property name="user.script" value=""/>
    <property name="sun.management.compiler" value="HotSpot 64-Bit Tiered Compilers"/>
    <property name="java.runtime.version" value="1.8.0_121-b13"/>
    <property name="user.name" value="crc"/>
    <property name="path.separator" value=";"/>
    <property name="os.version" value="6.1"/>
    <property name="java.endorsed.dirs" value="D:\Java\jdk1.8\jre\lib\endorsed"/>
    <property name="java.runtime.name" value="Java(TM) SE Runtime Environment"/>
    <property name="file.encoding" value="GBK"/>
    <property name="java.vm.name" value="Java HotSpot(TM) 64-Bit Server VM"/>
    <property name="localRepository" value="D:\maven\apache-maven-3.3.9\repositorys"/>
    <property name="java.vendor.url.bug" value="http://bugreport.sun.com/bugreport/"/>
    <property name="java.io.tmpdir" value="C:\Users\crc\AppData\Local\Temp\"/>
    <property name="idea.version" value="2018.2.1"/>
    <property name="java.version" value="1.8.0_121"/>
    <property name="user.dir" value="E:\idea\workspace2\springcloud-learn\eureka-consumer"/>
    <property name="os.arch" value="amd64"/>
    <property name="java.vm.specification.name" value="Java Virtual Machine Specification"/>
    <property name="java.awt.printerjob" value="sun.awt.windows.WPrinterJob"/>
    <property name="sun.os.patch.level" value="Service Pack 1"/>
    <property name="java.library.path" value="D:\Java\jdk1.8\jre\bin;C:\Windows\Sun\Java\bin;C:\Windows\system32;C:\Windows;E:\Xftp\;E:\Xshell\;E:\oracle-client\instantclient_11_1\bin;C:\Windows\system32;C:\Windows;C:\Windows\System32\Wbem;C:\Windows\System32\WindowsPowerShell\v1.0\;%JAVA_HOME%\bin;D:\Java\jdk1.8\bin;E:\mysql\mysql-5.7.24-winx64\bin;D:\maven\apache-maven-3.3.9\bin;C:\Program Files\TortoiseSVN\bin;E:\oracle-client\instantclient_11_1;E:\matlab\runtime\win64;E:\matlab\bin;E:\matlab\polyspace\bin;."/>
    <property name="java.vm.info" value="mixed mode"/>
    <property name="java.vendor" value="Oracle Corporation"/>
    <property name="java.vm.version" value="25.121-b13"/>
    <property name="java.ext.dirs" value="D:\Java\jdk1.8\jre\lib\ext;C:\Windows\Sun\Java\lib\ext"/>
    <property name="sun.io.unicode.encoding" value="UnicodeLittle"/>
    <property name="maven.repo.local" value="D:\maven\apache-maven-3.3.9\repositorys"/>
    <property name="java.class.version" value="52.0"/>
  </properties>
  <testcase name="contextLoads" classname="com.crc.eurekaconsumer.EurekaConsumerApplicationTests" time="0.001">
    <error message="Failed to load ApplicationContext" type="java.lang.IllegalStateException">java.lang.IllegalStateException: Failed to load ApplicationContext
Caused by: org.springframework.beans.factory.UnsatisfiedDependencyException: Error creating bean with name 'eurekaConsumerApplication': Unsatisfied dependency expressed through field 'feignService'; nested exception is org.springframework.beans.factory.NoSuchBeanDefinitionException: No qualifying bean of type 'com.crc.eurekaconsumer.FeignService' available: expected at least 1 bean which qualifies as autowire candidate. Dependency annotations: {@org.springframework.beans.factory.annotation.Autowired(required=true)}
Caused by: org.springframework.beans.factory.NoSuchBeanDefinitionException: No qualifying bean of type 'com.crc.eurekaconsumer.FeignService' available: expected at least 1 bean which qualifies as autowire candidate. Dependency annotations: {@org.springframework.beans.factory.annotation.Autowired(required=true)}
</error>
    <system-out><![CDATA[23:46:44.816 [main] DEBUG org.springframework.test.context.junit4.SpringJUnit4ClassRunner - SpringJUnit4ClassRunner constructor called with [class com.crc.eurekaconsumer.EurekaConsumerApplicationTests]
23:46:44.824 [main] DEBUG org.springframework.test.context.BootstrapUtils - Instantiating CacheAwareContextLoaderDelegate from class [org.springframework.test.context.cache.DefaultCacheAwareContextLoaderDelegate]
23:46:44.833 [main] DEBUG org.springframework.test.context.BootstrapUtils - Instantiating BootstrapContext using constructor [public org.springframework.test.context.support.DefaultBootstrapContext(java.lang.Class,org.springframework.test.context.CacheAwareContextLoaderDelegate)]
23:46:44.857 [main] DEBUG org.springframework.test.context.BootstrapUtils - Instantiating TestContextBootstrapper for test class [com.crc.eurekaconsumer.EurekaConsumerApplicationTests] from class [org.springframework.boot.test.context.SpringBootTestContextBootstrapper]
23:46:44.895 [main] INFO org.springframework.boot.test.context.SpringBootTestContextBootstrapper - Neither @ContextConfiguration nor @ContextHierarchy found for test class [com.crc.eurekaconsumer.EurekaConsumerApplicationTests], using SpringBootContextLoader
23:46:44.900 [main] DEBUG org.springframework.test.context.support.AbstractContextLoader - Did not detect default resource location for test class [com.crc.eurekaconsumer.EurekaConsumerApplicationTests]: class path resource [com/crc/eurekaconsumer/EurekaConsumerApplicationTests-context.xml] does not exist
23:46:44.901 [main] DEBUG org.springframework.test.context.support.AbstractContextLoader - Did not detect default resource location for test class [com.crc.eurekaconsumer.EurekaConsumerApplicationTests]: class path resource [com/crc/eurekaconsumer/EurekaConsumerApplicationTestsContext.groovy] does not exist
23:46:44.901 [main] INFO org.springframework.test.context.support.AbstractContextLoader - Could not detect default resource locations for test class [com.crc.eurekaconsumer.EurekaConsumerApplicationTests]: no resource found for suffixes {-context.xml, Context.groovy}.
23:46:44.902 [main] INFO org.springframework.test.context.support.AnnotationConfigContextLoaderUtils - Could not detect default configuration classes for test class [com.crc.eurekaconsumer.EurekaConsumerApplicationTests]: EurekaConsumerApplicationTests does not declare any static, non-private, non-final, nested classes annotated with @Configuration.
23:46:45.006 [main] DEBUG org.springframework.test.context.support.ActiveProfilesUtils - Could not find an 'annotation declaring class' for annotation type [org.springframework.test.context.ActiveProfiles] and class [com.crc.eurekaconsumer.EurekaConsumerApplicationTests]
23:46:45.141 [main] DEBUG org.springframework.context.annotation.ClassPathScanningCandidateComponentProvider - Identified candidate component class: file [E:\idea\workspace2\springcloud-learn\eureka-consumer\target\classes\com\crc\eurekaconsumer\EurekaConsumerApplication.class]
23:46:45.145 [main] INFO org.springframework.boot.test.context.SpringBootTestContextBootstrapper - Found @SpringBootConfiguration com.crc.eurekaconsumer.EurekaConsumerApplication for test class com.crc.eurekaconsumer.EurekaConsumerApplicationTests
23:46:45.311 [main] DEBUG org.springframework.boot.test.context.SpringBootTestContextBootstrapper - @TestExecutionListeners is not present for class [com.crc.eurekaconsumer.EurekaConsumerApplicationTests]: using defaults.
23:46:45.502 [main] INFO org.springframework.boot.test.context.SpringBootTestContextBootstrapper - Loaded default TestExecutionListener class names from location [META-INF/spring.factories]: [org.springframework.boot.test.mock.mockito.MockitoTestExecutionListener, org.springframework.boot.test.mock.mockito.ResetMocksTestExecutionListener, org.springframework.boot.test.autoconfigure.restdocs.RestDocsTestExecutionListener, org.springframework.boot.test.autoconfigure.web.client.MockRestServiceServerResetTestExecutionListener, org.springframework.boot.test.autoconfigure.web.servlet.MockMvcPrintOnlyOnFailureTestExecutionListener, org.springframework.boot.test.autoconfigure.web.servlet.WebDriverTestExecutionListener, org.springframework.test.context.web.ServletTestExecutionListener, org.springframework.test.context.support.DirtiesContextBeforeModesTestExecutionListener, org.springframework.test.context.support.DependencyInjectionTestExecutionListener, org.springframework.test.context.support.DirtiesContextTestExecutionListener, org.springframework.test.context.transaction.TransactionalTestExecutionListener, org.springframework.test.context.jdbc.SqlScriptsTestExecutionListener]
23:46:45.521 [main] DEBUG org.springframework.boot.test.context.SpringBootTestContextBootstrapper - Skipping candidate TestExecutionListener [org.springframework.test.context.web.ServletTestExecutionListener] due to a missing dependency. Specify custom listener classes or make the default listener classes and their required dependencies available. Offending class: [javax/servlet/ServletContext]
23:46:45.524 [main] DEBUG org.springframework.boot.test.context.SpringBootTestContextBootstrapper - Skipping candidate TestExecutionListener [org.springframework.test.context.transaction.TransactionalTestExecutionListener] due to a missing dependency. Specify custom listener classes or make the default listener classes and their required dependencies available. Offending class: [org/springframework/transaction/interceptor/TransactionAttributeSource]
23:46:45.525 [main] DEBUG org.springframework.boot.test.context.SpringBootTestContextBootstrapper - Skipping candidate TestExecutionListener [org.springframework.test.context.jdbc.SqlScriptsTestExecutionListener] due to a missing dependency. Specify custom listener classes or make the default listener classes and their required dependencies available. Offending class: [org/springframework/transaction/interceptor/TransactionAttribute]
23:46:45.526 [main] INFO org.springframework.boot.test.context.SpringBootTestContextBootstrapper - Using TestExecutionListeners: [org.springframework.test.context.support.DirtiesContextBeforeModesTestExecutionListener@3c3d9b6b, org.springframework.boot.test.mock.mockito.MockitoTestExecutionListener@79d8407f, org.springframework.boot.test.autoconfigure.SpringBootDependencyInjectionTestExecutionListener@5fbe4146, org.springframework.test.context.support.DirtiesContextTestExecutionListener@1e66f1f5, org.springframework.boot.test.mock.mockito.ResetMocksTestExecutionListener@4e50c791, org.springframework.boot.test.autoconfigure.restdocs.RestDocsTestExecutionListener@7530ad9c, org.springframework.boot.test.autoconfigure.web.client.MockRestServiceServerResetTestExecutionListener@58a9760d, org.springframework.boot.test.autoconfigure.web.servlet.MockMvcPrintOnlyOnFailureTestExecutionListener@71e9ddb4, org.springframework.boot.test.autoconfigure.web.servlet.WebDriverTestExecutionListener@394df057]
23:46:45.530 [main] DEBUG org.springframework.test.annotation.ProfileValueUtils - Retrieved @ProfileValueSourceConfiguration [null] for test class [com.crc.eurekaconsumer.EurekaConsumerApplicationTests]
23:46:45.530 [main] DEBUG org.springframework.test.annotation.ProfileValueUtils - Retrieved ProfileValueSource type [class org.springframework.test.annotation.SystemProfileValueSource] for class [com.crc.eurekaconsumer.EurekaConsumerApplicationTests]
23:46:45.533 [main] DEBUG org.springframework.test.annotation.ProfileValueUtils - Retrieved @ProfileValueSourceConfiguration [null] for test class [com.crc.eurekaconsumer.EurekaConsumerApplicationTests]
23:46:45.533 [main] DEBUG org.springframework.test.annotation.ProfileValueUtils - Retrieved ProfileValueSource type [class org.springframework.test.annotation.SystemProfileValueSource] for class [com.crc.eurekaconsumer.EurekaConsumerApplicationTests]
23:46:45.588 [main] DEBUG org.springframework.test.annotation.ProfileValueUtils - Retrieved @ProfileValueSourceConfiguration [null] for test class [com.crc.eurekaconsumer.EurekaConsumerApplicationTests]
23:46:45.588 [main] DEBUG org.springframework.test.annotation.ProfileValueUtils - Retrieved ProfileValueSource type [class org.springframework.test.annotation.SystemProfileValueSource] for class [com.crc.eurekaconsumer.EurekaConsumerApplicationTests]
23:46:45.593 [main] DEBUG org.springframework.test.context.support.AbstractDirtiesContextTestExecutionListener - Before test class: context [DefaultTestContext@4c309d4d testClass = EurekaConsumerApplicationTests, testInstance = [null], testMethod = [null], testException = [null], mergedContextConfiguration = [MergedContextConfiguration@38102d01 testClass = EurekaConsumerApplicationTests, locations = '{}', classes = '{class com.crc.eurekaconsumer.EurekaConsumerApplication}', contextInitializerClasses = '[]', activeProfiles = '{}', propertySourceLocations = '{}', propertySourceProperties = '{org.springframework.boot.test.context.SpringBootTestContextBootstrapper=true}', contextCustomizers = set[org.springframework.boot.test.context.filter.ExcludeFilterContextCustomizer@5fdba6f9, org.springframework.boot.test.json.DuplicateJsonObjectContextCustomizerFactory$DuplicateJsonObjectContextCustomizer@6fb0d3ed, org.springframework.boot.test.mock.mockito.MockitoContextCustomizer@0, org.springframework.boot.test.web.client.TestRestTemplateContextCustomizer@8b87145, org.springframework.boot.test.autoconfigure.properties.PropertyMappingContextCustomizer@0, org.springframework.boot.test.autoconfigure.web.servlet.WebDriverContextCustomizerFactory$Customizer@7f416310], contextLoader = 'org.springframework.boot.test.context.SpringBootContextLoader', parent = [null]], attributes = map[[empty]]], class annotated with @DirtiesContext [false] with mode [null].
23:46:45.594 [main] DEBUG org.springframework.test.annotation.ProfileValueUtils - Retrieved @ProfileValueSourceConfiguration [null] for test class [com.crc.eurekaconsumer.EurekaConsumerApplicationTests]
23:46:45.594 [main] DEBUG org.springframework.test.annotation.ProfileValueUtils - Retrieved ProfileValueSource type [class org.springframework.test.annotation.SystemProfileValueSource] for class [com.crc.eurekaconsumer.EurekaConsumerApplicationTests]
23:46:45.612 [main] DEBUG org.springframework.test.context.support.DependencyInjectionTestExecutionListener - Performing dependency injection for test context [[DefaultTestContext@4c309d4d testClass = EurekaConsumerApplicationTests, testInstance = com.crc.eurekaconsumer.EurekaConsumerApplicationTests@d21a74c, testMethod = [null], testException = [null], mergedContextConfiguration = [MergedContextConfiguration@38102d01 testClass = EurekaConsumerApplicationTests, locations = '{}', classes = '{class com.crc.eurekaconsumer.EurekaConsumerApplication}', contextInitializerClasses = '[]', activeProfiles = '{}', propertySourceLocations = '{}', propertySourceProperties = '{org.springframework.boot.test.context.SpringBootTestContextBootstrapper=true}', contextCustomizers = set[org.springframework.boot.test.context.filter.ExcludeFilterContextCustomizer@5fdba6f9, org.springframework.boot.test.json.DuplicateJsonObjectContextCustomizerFactory$DuplicateJsonObjectContextCustomizer@6fb0d3ed, org.springframework.boot.test.mock.mockito.MockitoContextCustomizer@0, org.springframework.boot.test.web.client.TestRestTemplateContextCustomizer@8b87145, org.springframework.boot.test.autoconfigure.properties.PropertyMappingContextCustomizer@0, org.springframework.boot.test.autoconfigure.web.servlet.WebDriverContextCustomizerFactory$Customizer@7f416310], contextLoader = 'org.springframework.boot.test.context.SpringBootContextLoader', parent = [null]], attributes = map[[empty]]]].
23:46:45.638 [main] DEBUG org.springframework.test.context.support.TestPropertySourceUtils - Adding inlined properties to environment: {spring.jmx.enabled=false, org.springframework.boot.test.context.SpringBootTestContextBootstrapper=true, server.port=-1}
2019-09-05 23:46:47.660  INFO 13752 --- [           main] trationDelegate$BeanPostProcessorChecker : Bean 'org.springframework.cloud.autoconfigure.ConfigurationPropertiesRebinderAutoConfiguration' of type [org.springframework.cloud.autoconfigure.ConfigurationPropertiesRebinderAutoConfiguration$$EnhancerBySpringCGLIB$$671ad0ce] is not eligible for getting processed by all BeanPostProcessors (for example: not eligible for auto-proxying)

  .   ____          _            __ _ _
 /\\ / ___'_ __ _ _(_)_ __  __ _ \ \ \ \
( ( )\___ | '_ | '_| | '_ \/ _` | \ \ \ \
 \\/  ___)| |_)| | | | | || (_| |  ) ) ) )
  '  |____| .__|_| |_|_| |_\__, | / / / /
 =========|_|==============|___/=/_/_/_/
 :: Spring Boot ::        (v2.1.7.RELEASE)

2019-09-05 23:46:48.416  INFO 13752 --- [           main] c.c.c.ConfigServicePropertySourceLocator : Fetching config from server at : http://localhost:8888
2019-09-05 23:46:49.582  INFO 13752 --- [           main] c.c.c.ConfigServicePropertySourceLocator : Connect Timeout Exception on Url - http://localhost:8888. Will be trying the next url if available
2019-09-05 23:46:49.583  WARN 13752 --- [           main] c.c.c.ConfigServicePropertySourceLocator : Could not locate PropertySource: I/O error on GET request for "http://localhost:8888/eureka-consumer/default": Connection refused: connect; nested exception is java.net.ConnectException: Connection refused: connect
2019-09-05 23:46:49.609  INFO 13752 --- [           main] c.c.e.EurekaConsumerApplicationTests     : No active profile set, falling back to default profiles: default
2019-09-05 23:46:53.728  INFO 13752 --- [           main] o.s.cloud.context.scope.GenericScope     : BeanFactory id=e7fa323b-0cbd-3523-80b8-36228cd29daf
2019-09-05 23:46:55.115  INFO 13752 --- [           main] trationDelegate$BeanPostProcessorChecker : Bean 'org.springframework.cloud.autoconfigure.ConfigurationPropertiesRebinderAutoConfiguration' of type [org.springframework.cloud.autoconfigure.ConfigurationPropertiesRebinderAutoConfiguration$$EnhancerBySpringCGLIB$$671ad0ce] is not eligible for getting processed by all BeanPostProcessors (for example: not eligible for auto-proxying)
2019-09-05 23:46:55.163  WARN 13752 --- [           main] s.c.a.AnnotationConfigApplicationContext : Exception encountered during context initialization - cancelling refresh attempt: org.springframework.beans.factory.UnsatisfiedDependencyException: Error creating bean with name 'eurekaConsumerApplication': Unsatisfied dependency expressed through field 'feignService'; nested exception is org.springframework.beans.factory.NoSuchBeanDefinitionException: No qualifying bean of type 'com.crc.eurekaconsumer.FeignService' available: expected at least 1 bean which qualifies as autowire candidate. Dependency annotations: {@org.springframework.beans.factory.annotation.Autowired(required=true)}
2019-09-05 23:46:55.179  INFO 13752 --- [           main] ConditionEvaluationReportLoggingListener : 

Error starting ApplicationContext. To display the conditions report re-run your application with 'debug' enabled.
2019-09-05 23:46:55.446 ERROR 13752 --- [           main] o.s.b.d.LoggingFailureAnalysisReporter   : 

***************************
APPLICATION FAILED TO START
***************************

Description:

Field feignService in com.crc.eurekaconsumer.EurekaConsumerApplication required a bean of type 'com.crc.eurekaconsumer.FeignService' that could not be found.

The injection point has the following annotations:
	- @org.springframework.beans.factory.annotation.Autowired(required=true)


Action:

Consider defining a bean of type 'com.crc.eurekaconsumer.FeignService' in your configuration.

2019-09-05 23:46:56.008  INFO 13752 --- [           main] trationDelegate$BeanPostProcessorChecker : Bean 'org.springframework.cloud.autoconfigure.ConfigurationPropertiesRebinderAutoConfiguration' of type [org.springframework.cloud.autoconfigure.ConfigurationPropertiesRebinderAutoConfiguration$$EnhancerBySpringCGLIB$$671ad0ce] is not eligible for getting processed by all BeanPostProcessors (for example: not eligible for auto-proxying)

  .   ____          _            __ _ _
 /\\ / ___'_ __ _ _(_)_ __  __ _ \ \ \ \
( ( )\___ | '_ | '_| | '_ \/ _` | \ \ \ \
 \\/  ___)| |_)| | | | | || (_| |  ) ) ) )
  '  |____| .__|_| |_|_| |_\__, | / / / /
 =========|_|==============|___/=/_/_/_/
 :: Spring Boot ::        (v2.1.7.RELEASE)

2019-09-05 23:46:56.565  INFO 13752 --- [           main] c.c.c.ConfigServicePropertySourceLocator : Fetching config from server at : http://localhost:8888
2019-09-05 23:46:57.577  INFO 13752 --- [           main] c.c.c.ConfigServicePropertySourceLocator : Connect Timeout Exception on Url - http://localhost:8888. Will be trying the next url if available
2019-09-05 23:46:57.578  WARN 13752 --- [           main] c.c.c.ConfigServicePropertySourceLocator : Could not locate PropertySource: I/O error on GET request for "http://localhost:8888/eureka-consumer/default": Connection refused: connect; nested exception is java.net.ConnectException: Connection refused: connect
2019-09-05 23:46:57.587  INFO 13752 --- [           main] c.c.e.EurekaConsumerApplicationTests     : No active profile set, falling back to default profiles: default
2019-09-05 23:46:57.873  INFO 13752 --- [           main] o.s.cloud.context.scope.GenericScope     : BeanFactory id=e7fa323b-0cbd-3523-80b8-36228cd29daf
2019-09-05 23:46:57.918  INFO 13752 --- [           main] trationDelegate$BeanPostProcessorChecker : Bean 'org.springframework.cloud.autoconfigure.ConfigurationPropertiesRebinderAutoConfiguration' of type [org.springframework.cloud.autoconfigure.ConfigurationPropertiesRebinderAutoConfiguration$$EnhancerBySpringCGLIB$$671ad0ce] is not eligible for getting processed by all BeanPostProcessors (for example: not eligible for auto-proxying)
2019-09-05 23:46:57.933  WARN 13752 --- [           main] s.c.a.AnnotationConfigApplicationContext : Exception encountered during context initialization - cancelling refresh attempt: org.springframework.beans.factory.UnsatisfiedDependencyException: Error creating bean with name 'eurekaConsumerApplication': Unsatisfied dependency expressed through field 'feignService'; nested exception is org.springframework.beans.factory.NoSuchBeanDefinitionException: No qualifying bean of type 'com.crc.eurekaconsumer.FeignService' available: expected at least 1 bean which qualifies as autowire candidate. Dependency annotations: {@org.springframework.beans.factory.annotation.Autowired(required=true)}
2019-09-05 23:46:57.938  INFO 13752 --- [           main] ConditionEvaluationReportLoggingListener : 

Error starting ApplicationContext. To display the conditions report re-run your application with 'debug' enabled.
2019-09-05 23:46:58.091 ERROR 13752 --- [           main] o.s.b.d.LoggingFailureAnalysisReporter   : 

***************************
APPLICATION FAILED TO START
***************************

Description:

Field feignService in com.crc.eurekaconsumer.EurekaConsumerApplication required a bean of type 'com.crc.eurekaconsumer.FeignService' that could not be found.

The injection point has the following annotations:
	- @org.springframework.beans.factory.annotation.Autowired(required=true)


Action:

Consider defining a bean of type 'com.crc.eurekaconsumer.FeignService' in your configuration.

2019-09-05 23:46:58.099 ERROR 13752 --- [           main] o.s.test.context.TestContextManager      : Caught exception while allowing TestExecutionListener [org.springframework.boot.test.autoconfigure.SpringBootDependencyInjectionTestExecutionListener@5fbe4146] to prepare test instance [com.crc.eurekaconsumer.EurekaConsumerApplicationTests@d21a74c]

java.lang.IllegalStateException: Failed to load ApplicationContext
	at org.springframework.test.context.cache.DefaultCacheAwareContextLoaderDelegate.loadContext(DefaultCacheAwareContextLoaderDelegate.java:125) ~[spring-test-5.1.9.RELEASE.jar:5.1.9.RELEASE]
	at org.springframework.test.context.support.DefaultTestContext.getApplicationContext(DefaultTestContext.java:108) ~[spring-test-5.1.9.RELEASE.jar:5.1.9.RELEASE]
	at org.springframework.test.context.support.DependencyInjectionTestExecutionListener.injectDependencies(DependencyInjectionTestExecutionListener.java:118) ~[spring-test-5.1.9.RELEASE.jar:5.1.9.RELEASE]
	at org.springframework.test.context.support.DependencyInjectionTestExecutionListener.prepareTestInstance(DependencyInjectionTestExecutionListener.java:83) ~[spring-test-5.1.9.RELEASE.jar:5.1.9.RELEASE]
	at org.springframework.boot.test.autoconfigure.SpringBootDependencyInjectionTestExecutionListener.prepareTestInstance(SpringBootDependencyInjectionTestExecutionListener.java:43) ~[spring-boot-test-autoconfigure-2.1.7.RELEASE.jar:2.1.7.RELEASE]
	at org.springframework.test.context.TestContextManager.prepareTestInstance(TestContextManager.java:246) ~[spring-test-5.1.9.RELEASE.jar:5.1.9.RELEASE]
	at org.springframework.test.context.junit4.SpringJUnit4ClassRunner.createTest(SpringJUnit4ClassRunner.java:227) [spring-test-5.1.9.RELEASE.jar:5.1.9.RELEASE]
	at org.springframework.test.context.junit4.SpringJUnit4ClassRunner$1.runReflectiveCall(SpringJUnit4ClassRunner.java:289) [spring-test-5.1.9.RELEASE.jar:5.1.9.RELEASE]
	at org.junit.internal.runners.model.ReflectiveCallable.run(ReflectiveCallable.java:12) [junit-4.12.jar:4.12]
	at org.springframework.test.context.junit4.SpringJUnit4ClassRunner.methodBlock(SpringJUnit4ClassRunner.java:291) [spring-test-5.1.9.RELEASE.jar:5.1.9.RELEASE]
	at org.springframework.test.context.junit4.SpringJUnit4ClassRunner.runChild(SpringJUnit4ClassRunner.java:246) [spring-test-5.1.9.RELEASE.jar:5.1.9.RELEASE]
	at org.springframework.test.context.junit4.SpringJUnit4ClassRunner.runChild(SpringJUnit4ClassRunner.java:97) [spring-test-5.1.9.RELEASE.jar:5.1.9.RELEASE]
	at org.junit.runners.ParentRunner$3.run(ParentRunner.java:290) [junit-4.12.jar:4.12]
	at org.junit.runners.ParentRunner$1.schedule(ParentRunner.java:71) [junit-4.12.jar:4.12]
	at org.junit.runners.ParentRunner.runChildren(ParentRunner.java:288) [junit-4.12.jar:4.12]
	at org.junit.runners.ParentRunner.access$000(ParentRunner.java:58) [junit-4.12.jar:4.12]
	at org.junit.runners.ParentRunner$2.evaluate(ParentRunner.java:268) [junit-4.12.jar:4.12]
	at org.springframework.test.context.junit4.statements.RunBeforeTestClassCallbacks.evaluate(RunBeforeTestClassCallbacks.java:61) [spring-test-5.1.9.RELEASE.jar:5.1.9.RELEASE]
	at org.springframework.test.context.junit4.statements.RunAfterTestClassCallbacks.evaluate(RunAfterTestClassCallbacks.java:70) [spring-test-5.1.9.RELEASE.jar:5.1.9.RELEASE]
	at org.junit.runners.ParentRunner.run(ParentRunner.java:363) [junit-4.12.jar:4.12]
	at org.springframework.test.context.junit4.SpringJUnit4ClassRunner.run(SpringJUnit4ClassRunner.java:190) [spring-test-5.1.9.RELEASE.jar:5.1.9.RELEASE]
	at org.apache.maven.surefire.junit4.JUnit4Provider.execute(JUnit4Provider.java:365) [surefire-junit4-2.22.2.jar:2.22.2]
	at org.apache.maven.surefire.junit4.JUnit4Provider.executeWithRerun(JUnit4Provider.java:273) [surefire-junit4-2.22.2.jar:2.22.2]
	at org.apache.maven.surefire.junit4.JUnit4Provider.executeTestSet(JUnit4Provider.java:238) [surefire-junit4-2.22.2.jar:2.22.2]
	at org.apache.maven.surefire.junit4.JUnit4Provider.invoke(JUnit4Provider.java:159) [surefire-junit4-2.22.2.jar:2.22.2]
	at org.apache.maven.surefire.booter.ForkedBooter.invokeProviderInSameClassLoader(ForkedBooter.java:384) [surefire-booter-2.22.2.jar:2.22.2]
	at org.apache.maven.surefire.booter.ForkedBooter.runSuitesInProcess(ForkedBooter.java:345) [surefire-booter-2.22.2.jar:2.22.2]
	at org.apache.maven.surefire.booter.ForkedBooter.execute(ForkedBooter.java:126) [surefire-booter-2.22.2.jar:2.22.2]
	at org.apache.maven.surefire.booter.ForkedBooter.main(ForkedBooter.java:418) [surefire-booter-2.22.2.jar:2.22.2]
Caused by: org.springframework.beans.factory.UnsatisfiedDependencyException: Error creating bean with name 'eurekaConsumerApplication': Unsatisfied dependency expressed through field 'feignService'; nested exception is org.springframework.beans.factory.NoSuchBeanDefinitionException: No qualifying bean of type 'com.crc.eurekaconsumer.FeignService' available: expected at least 1 bean which qualifies as autowire candidate. Dependency annotations: {@org.springframework.beans.factory.annotation.Autowired(required=true)}
	at org.springframework.beans.factory.annotation.AutowiredAnnotationBeanPostProcessor$AutowiredFieldElement.inject(AutowiredAnnotationBeanPostProcessor.java:596) ~[spring-beans-5.1.9.RELEASE.jar:5.1.9.RELEASE]
	at org.springframework.beans.factory.annotation.InjectionMetadata.inject(InjectionMetadata.java:90) ~[spring-beans-5.1.9.RELEASE.jar:5.1.9.RELEASE]
	at org.springframework.beans.factory.annotation.AutowiredAnnotationBeanPostProcessor.postProcessProperties(AutowiredAnnotationBeanPostProcessor.java:374) ~[spring-beans-5.1.9.RELEASE.jar:5.1.9.RELEASE]
	at org.springframework.beans.factory.support.AbstractAutowireCapableBeanFactory.populateBean(AbstractAutowireCapableBeanFactory.java:1411) ~[spring-beans-5.1.9.RELEASE.jar:5.1.9.RELEASE]
	at org.springframework.beans.factory.support.AbstractAutowireCapableBeanFactory.doCreateBean(AbstractAutowireCapableBeanFactory.java:592) ~[spring-beans-5.1.9.RELEASE.jar:5.1.9.RELEASE]
	at org.springframework.beans.factory.support.AbstractAutowireCapableBeanFactory.createBean(AbstractAutowireCapableBeanFactory.java:515) ~[spring-beans-5.1.9.RELEASE.jar:5.1.9.RELEASE]
	at org.springframework.beans.factory.support.AbstractBeanFactory.lambda$doGetBean$0(AbstractBeanFactory.java:320) ~[spring-beans-5.1.9.RELEASE.jar:5.1.9.RELEASE]
	at org.springframework.beans.factory.support.DefaultSingletonBeanRegistry.getSingleton(DefaultSingletonBeanRegistry.java:222) ~[spring-beans-5.1.9.RELEASE.jar:5.1.9.RELEASE]
	at org.springframework.beans.factory.support.AbstractBeanFactory.doGetBean(AbstractBeanFactory.java:318) ~[spring-beans-5.1.9.RELEASE.jar:5.1.9.RELEASE]
	at org.springframework.beans.factory.support.AbstractBeanFactory.getBean(AbstractBeanFactory.java:199) ~[spring-beans-5.1.9.RELEASE.jar:5.1.9.RELEASE]
	at org.springframework.beans.factory.support.DefaultListableBeanFactory.preInstantiateSingletons(DefaultListableBeanFactory.java:845) ~[spring-beans-5.1.9.RELEASE.jar:5.1.9.RELEASE]
	at org.springframework.context.support.AbstractApplicationContext.finishBeanFactoryInitialization(AbstractApplicationContext.java:877) ~[spring-context-5.1.9.RELEASE.jar:5.1.9.RELEASE]
	at org.springframework.context.support.AbstractApplicationContext.refresh(AbstractApplicationContext.java:549) ~[spring-context-5.1.9.RELEASE.jar:5.1.9.RELEASE]
	at org.springframework.boot.SpringApplication.refresh(SpringApplication.java:743) ~[spring-boot-2.1.7.RELEASE.jar:2.1.7.RELEASE]
	at org.springframework.boot.SpringApplication.refreshContext(SpringApplication.java:390) ~[spring-boot-2.1.7.RELEASE.jar:2.1.7.RELEASE]
	at org.springframework.boot.SpringApplication.run(SpringApplication.java:312) ~[spring-boot-2.1.7.RELEASE.jar:2.1.7.RELEASE]
	at org.springframework.boot.test.context.SpringBootContextLoader.loadContext(SpringBootContextLoader.java:120) ~[spring-boot-test-2.1.7.RELEASE.jar:2.1.7.RELEASE]
	at org.springframework.test.context.cache.DefaultCacheAwareContextLoaderDelegate.loadContextInternal(DefaultCacheAwareContextLoaderDelegate.java:99) ~[spring-test-5.1.9.RELEASE.jar:5.1.9.RELEASE]
	at org.springframework.test.context.cache.DefaultCacheAwareContextLoaderDelegate.loadContext(DefaultCacheAwareContextLoaderDelegate.java:117) ~[spring-test-5.1.9.RELEASE.jar:5.1.9.RELEASE]
	... 28 common frames omitted
Caused by: org.springframework.beans.factory.NoSuchBeanDefinitionException: No qualifying bean of type 'com.crc.eurekaconsumer.FeignService' available: expected at least 1 bean which qualifies as autowire candidate. Dependency annotations: {@org.springframework.beans.factory.annotation.Autowired(required=true)}
	at org.springframework.beans.factory.support.DefaultListableBeanFactory.raiseNoMatchingBeanFound(DefaultListableBeanFactory.java:1658) ~[spring-beans-5.1.9.RELEASE.jar:5.1.9.RELEASE]
	at org.springframework.beans.factory.support.DefaultListableBeanFactory.doResolveDependency(DefaultListableBeanFactory.java:1217) ~[spring-beans-5.1.9.RELEASE.jar:5.1.9.RELEASE]
	at org.springframework.beans.factory.support.DefaultListableBeanFactory.resolveDependency(DefaultListableBeanFactory.java:1171) ~[spring-beans-5.1.9.RELEASE.jar:5.1.9.RELEASE]
	at org.springframework.beans.factory.annotation.AutowiredAnnotationBeanPostProcessor$AutowiredFieldElement.inject(AutowiredAnnotationBeanPostProcessor.java:593) ~[spring-beans-5.1.9.RELEASE.jar:5.1.9.RELEASE]
	... 46 common frames omitted

]]></system-out>
  </testcase>
</testsuite>